#-----------------------------------------------------------
# PlanAhead v14.7 (64-bit)
# Build 321239 by xbuild on Fri Sep 27 19:24:36 MDT 2013
# Start of session at: Sat May 20 19:23:32 2023
# Process ID: 9985
# Log file: /home/ise/VM/uart_rx/planAhead_run_2/planAhead.log
# Journal file: /home/ise/VM/uart_rx/planAhead_run_2/planAhead.jou
#-----------------------------------------------------------
INFO: [Common 17-78] Attempting to get a license: PlanAhead
INFO: [Common 17-290] Got license for PlanAhead
INFO: [Common 17-86] Your PlanAhead license expires in -2211 day(s)
INFO: [Device 21-36] Loading parts and site information from /opt/Xilinx/14.7/ISE_DS/PlanAhead/data/parts/arch.xml
Parsing RTL primitives file [/opt/Xilinx/14.7/ISE_DS/PlanAhead/data/parts/xilinx/rtl/prims/rtl_prims.xml]
Finished parsing RTL primitives file [/opt/Xilinx/14.7/ISE_DS/PlanAhead/data/parts/xilinx/rtl/prims/rtl_prims.xml]
start_gui
source /home/ise/VM/uart_rx/pa.fromHdl.tcl
# create_project -name uart_rx -dir "/home/ise/VM/uart_rx/planAhead_run_2" -part xc6slx9tqg144-3
ERROR: [Common 17-53] User Exception: Project already exists on disk, please use '-force' option to overwrite: 
     /home/ise/VM/uart_rx/planAhead_run_2/uart_rx.ppr
     /home/ise/VM/uart_rx/planAhead_run_2/uart_rx.data

    while executing
"create_project -name uart_rx -dir "/home/ise/VM/uart_rx/planAhead_run_2" -part xc6slx9tqg144-3"
    (file "/home/ise/VM/uart_rx/pa.fromHdl.tcl" line 4)
exit
INFO: [Common 17-206] Exiting PlanAhead at Sat May 20 19:26:28 2023...
INFO: [Common 17-83] Releasing license: PlanAhead
