Release 14.7 - xst P.20131013 (lin64)
Copyright (c) 1995-2013 Xilinx, Inc.  All rights reserved.
--> 
Parameter TMPDIR set to xst/projnav.tmp


Total REAL time to Xst completion: 0.00 secs
Total CPU time to Xst completion: 0.01 secs
 
--> 
Parameter xsthdpdir set to xst


Total REAL time to Xst completion: 0.00 secs
Total CPU time to Xst completion: 0.01 secs
 
--> 
Reading design: rx.prj

TABLE OF CONTENTS
  1) Synthesis Options Summary
  2) HDL Parsing
  3) HDL Elaboration
  4) HDL Synthesis
       4.1) HDL Synthesis Report
  5) Advanced HDL Synthesis
       5.1) Advanced HDL Synthesis Report
  6) Low Level Synthesis
  7) Partition Report
  8) Design Summary
       8.1) Primitive and Black Box Usage
       8.2) Device utilization summary
       8.3) Partition Resource Summary
       8.4) Timing Report
            8.4.1) Clock Information
            8.4.2) Asynchronous Control Signals Information
            8.4.3) Timing Summary
            8.4.4) Timing Details
            8.4.5) Cross Clock Domains Report


=========================================================================
*                      Synthesis Options Summary                        *
=========================================================================
---- Source Parameters
Input File Name                    : "rx.prj"
Ignore Synthesis Constraint File   : NO

---- Target Parameters
Output File Name                   : "rx"
Output Format                      : NGC
Target Device                      : xc6slx9-3-tqg144

---- Source Options
Top Module Name                    : rx
Automatic FSM Extraction           : YES
FSM Encoding Algorithm             : Auto
Safe Implementation                : No
FSM Style                          : LUT
RAM Extraction                     : Yes
RAM Style                          : Auto
ROM Extraction                     : Yes
Shift Register Extraction          : YES
ROM Style                          : Auto
Resource Sharing                   : YES
Asynchronous To Synchronous        : NO
Shift Register Minimum Size        : 2
Use DSP Block                      : Auto
Automatic Register Balancing       : No

---- Target Options
LUT Combining                      : Auto
Reduce Control Sets                : Auto
Add IO Buffers                     : YES
Global Maximum Fanout              : 100000
Add Generic Clock Buffer(BUFG)     : 16
Register Duplication               : YES
Optimize Instantiated Primitives   : NO
Use Clock Enable                   : Auto
Use Synchronous Set                : Auto
Use Synchronous Reset              : Auto
Pack IO Registers into IOBs        : Auto
Equivalent register Removal        : YES

---- General Options
Optimization Goal                  : Speed
Optimization Effort                : 1
Power Reduction                    : NO
Keep Hierarchy                     : No
Netlist Hierarchy                  : As_Optimized
RTL Output                         : Yes
Global Optimization                : AllClockNets
Read Cores                         : YES
Write Timing Constraints           : NO
Cross Clock Analysis               : NO
Hierarchy Separator                : /
Bus Delimiter                      : <>
Case Specifier                     : Maintain
Slice Utilization Ratio            : 100
BRAM Utilization Ratio             : 100
DSP48 Utilization Ratio            : 100
Auto BRAM Packing                  : NO
Slice Utilization Ratio Delta      : 5

=========================================================================


=========================================================================
*                          HDL Parsing                                  *
=========================================================================
Parsing VHDL file "/home/ise/VM/uart_rx/rx.vhd" into library work
Parsing entity <rx>.
Parsing architecture <Behavioral> of entity <rx>.

=========================================================================
*                            HDL Elaboration                            *
=========================================================================

Elaborating entity <rx> (architecture <Behavioral>) from library <work>.

=========================================================================
*                           HDL Synthesis                               *
=========================================================================

Synthesizing Unit <rx>.
    Related source file is "/home/ise/VM/uart_rx/rx.vhd".
    Found 10-bit register for signal <Data_Pack>.
    Found 1-bit register for signal <Start_bit_check>.
    Found 12-bit register for signal <Clk_Count>.
    Found 8-bit register for signal <Led>.
    Found 4-bit register for signal <shift_bit>.
    Found 4-bit adder for signal <shift_bit[3]_GND_6_o_add_1_OUT> created at line 67.
    Found 12-bit adder for signal <Clk_Count[11]_GND_6_o_add_8_OUT> created at line 78.
    Summary:
	inferred   2 Adder/Subtractor(s).
	inferred  35 D-type flip-flop(s).
	inferred  12 Multiplexer(s).
Unit <rx> synthesized.

=========================================================================
HDL Synthesis Report

Macro Statistics
# Adders/Subtractors                                   : 2
 12-bit adder                                          : 1
 4-bit adder                                           : 1
# Registers                                            : 5
 1-bit register                                        : 1
 10-bit register                                       : 1
 12-bit register                                       : 1
 4-bit register                                        : 1
 8-bit register                                        : 1
# Multiplexers                                         : 12
 1-bit 2-to-1 multiplexer                              : 10
 12-bit 2-to-1 multiplexer                             : 1
 4-bit 2-to-1 multiplexer                              : 1

=========================================================================

=========================================================================
*                       Advanced HDL Synthesis                          *
=========================================================================


Synthesizing (advanced) Unit <rx>.
The following registers are absorbed into counter <Clk_Count>: 1 register on signal <Clk_Count>.
The following registers are absorbed into counter <shift_bit>: 1 register on signal <shift_bit>.
Unit <rx> synthesized (advanced).
WARNING:Xst:2677 - Node <Data_Pack_0> of sequential type is unconnected in block <rx>.
WARNING:Xst:2677 - Node <Data_Pack_9> of sequential type is unconnected in block <rx>.

=========================================================================
Advanced HDL Synthesis Report

Macro Statistics
# Counters                                             : 2
 12-bit up counter                                     : 1
 4-bit up counter                                      : 1
# Registers                                            : 17
 Flip-Flops                                            : 17
# Multiplexers                                         : 8
 1-bit 2-to-1 multiplexer                              : 8

=========================================================================

=========================================================================
*                         Low Level Synthesis                           *
=========================================================================

Optimizing unit <rx> ...

Mapping all equations...
Building and optimizing final netlist ...
Found area constraint ratio of 100 (+ 5) on block rx, actual ratio is 0.

Final Macro Processing ...

=========================================================================
Final Register Report

Macro Statistics
# Registers                                            : 33
 Flip-Flops                                            : 33

=========================================================================

=========================================================================
*                           Partition Report                            *
=========================================================================

Partition Implementation Status
-------------------------------

  No Partitions were found in this design.

-------------------------------

=========================================================================
*                            Design Summary                             *
=========================================================================

Top Level Output File Name         : rx.ngc

Primitive and Black Box Usage:
------------------------------
# BELS                             : 138
#      GND                         : 1
#      INV                         : 1
#      LUT1                        : 11
#      LUT2                        : 4
#      LUT3                        : 4
#      LUT4                        : 27
#      LUT5                        : 13
#      LUT6                        : 52
#      MUXCY                       : 11
#      MUXF7                       : 1
#      VCC                         : 1
#      XORCY                       : 12
# FlipFlops/Latches                : 33
#      FD                          : 16
#      FDR                         : 17
# Clock Buffers                    : 1
#      BUFGP                       : 1
# IO Buffers                       : 10
#      IBUF                        : 2
#      OBUF                        : 8

Device utilization summary:
---------------------------

Selected Device : 6slx9tqg144-3 


Slice Logic Utilization: 
 Number of Slice Registers:              33  out of  11440     0%  
 Number of Slice LUTs:                  112  out of   5720     1%  
    Number used as Logic:               112  out of   5720     1%  

Slice Logic Distribution: 
 Number of LUT Flip Flop pairs used:    112
   Number with an unused Flip Flop:      79  out of    112    70%  
   Number with an unused LUT:             0  out of    112     0%  
   Number of fully used LUT-FF pairs:    33  out of    112    29%  
   Number of unique control sets:         3

IO Utilization: 
 Number of IOs:                          11
 Number of bonded IOBs:                  11  out of    102    10%  

Specific Feature Utilization:
 Number of BUFG/BUFGCTRLs:                1  out of     16     6%  

---------------------------
Partition Resource Summary:
---------------------------

  No Partitions were found in this design.

---------------------------


=========================================================================
Timing Report

NOTE: THESE TIMING NUMBERS ARE ONLY A SYNTHESIS ESTIMATE.
      FOR ACCURATE TIMING INFORMATION PLEASE REFER TO THE TRACE REPORT
      GENERATED AFTER PLACE-and-ROUTE.

Clock Information:
------------------
-----------------------------------+------------------------+-------+
Clock Signal                       | Clock buffer(FF name)  | Load  |
-----------------------------------+------------------------+-------+
SysClk                             | BUFGP                  | 33    |
-----------------------------------+------------------------+-------+

Asynchronous Control Signals Information:
----------------------------------------
No asynchronous control signals found in this design

Timing Summary:
---------------
Speed Grade: -3

   Minimum period: 4.086ns (Maximum Frequency: 244.714MHz)
   Minimum input arrival time before clock: 4.507ns
   Maximum output required time after clock: 3.668ns
   Maximum combinational path delay: No path found

Timing Details:
---------------
All values displayed in nanoseconds (ns)

=========================================================================
Timing constraint: Default period analysis for Clock 'SysClk'
  Clock period: 4.086ns (frequency: 244.714MHz)
  Total number of paths / destination ports: 764 / 41
-------------------------------------------------------------------------
Delay:               4.086ns (Levels of Logic = 3)
  Source:            Clk_Count_5 (FF)
  Destination:       shift_bit_1 (FF)
  Source Clock:      SysClk rising
  Destination Clock: SysClk rising

  Data Path: Clk_Count_5 to shift_bit_1
                                Gate     Net
    Cell:in->out      fanout   Delay   Delay  Logical Name (Net Name)
    ----------------------------------------  ------------
     FD:C->Q              17   0.447   1.372  Clk_Count_5 (Clk_Count_5)
     LUT6:I1->O            6   0.203   0.745  _n0123_inv111_SW0 (N14)
     LUT6:I5->O            1   0.205   0.808  Mcount_shift_bit_val1_SW4 (N45)
     LUT6:I3->O            1   0.205   0.000  shift_bit_1_rstpot (shift_bit_1_rstpot)
     FD:D                      0.102          shift_bit_1
    ----------------------------------------
    Total                      4.086ns (1.162ns logic, 2.924ns route)
                                       (28.4% logic, 71.6% route)

=========================================================================
Timing constraint: Default OFFSET IN BEFORE for Clock 'SysClk'
  Total number of paths / destination ports: 99 / 42
-------------------------------------------------------------------------
Offset:              4.507ns (Levels of Logic = 4)
  Source:            Reset (PAD)
  Destination:       shift_bit_2 (FF)
  Destination Clock: SysClk rising

  Data Path: Reset to shift_bit_2
                                Gate     Net
    Cell:in->out      fanout   Delay   Delay  Logical Name (Net Name)
    ----------------------------------------  ------------
     IBUF:I->O            44   1.222   1.827  Reset_IBUF (Reset_IBUF)
     LUT6:I0->O            1   0.203   0.000  Mcount_shift_bit_val1_SW8_G (N111)
     MUXF7:I1->O           1   0.140   0.808  Mcount_shift_bit_val1_SW8 (N50)
     LUT6:I3->O            1   0.205   0.000  shift_bit_2_rstpot (shift_bit_2_rstpot)
     FD:D                      0.102          shift_bit_2
    ----------------------------------------
    Total                      4.507ns (1.872ns logic, 2.635ns route)
                                       (41.5% logic, 58.5% route)

=========================================================================
Timing constraint: Default OFFSET OUT AFTER for Clock 'SysClk'
  Total number of paths / destination ports: 8 / 8
-------------------------------------------------------------------------
Offset:              3.668ns (Levels of Logic = 1)
  Source:            Led_7 (FF)
  Destination:       Led<7> (PAD)
  Source Clock:      SysClk rising

  Data Path: Led_7 to Led<7>
                                Gate     Net
    Cell:in->out      fanout   Delay   Delay  Logical Name (Net Name)
    ----------------------------------------  ------------
     FDR:C->Q              3   0.447   0.650  Led_7 (Led_7)
     OBUF:I->O                 2.571          Led_7_OBUF (Led<7>)
    ----------------------------------------
    Total                      3.668ns (3.018ns logic, 0.650ns route)
                                       (82.3% logic, 17.7% route)

=========================================================================

Cross Clock Domains Report:
--------------------------

Clock to Setup on destination clock SysClk
---------------+---------+---------+---------+---------+
               | Src:Rise| Src:Fall| Src:Rise| Src:Fall|
Source Clock   |Dest:Rise|Dest:Rise|Dest:Fall|Dest:Fall|
---------------+---------+---------+---------+---------+
SysClk         |    4.086|         |         |         |
---------------+---------+---------+---------+---------+

=========================================================================


Total REAL time to Xst completion: 10.00 secs
Total CPU time to Xst completion: 1.74 secs
 
--> 


Total memory usage is 486848 kilobytes

Number of errors   :    0 (   0 filtered)
Number of warnings :    2 (   0 filtered)
Number of infos    :    0 (   0 filtered)

